# JRE version: Java(TM) SE Runtime Environment (21.0+35) (build 21+35-LTS-2513)
# Java VM: Java HotSpot(TM) 64-Bit Server VM (21+35-LTS-2513, mixed mode, sharing, tiered, compressed oops, compressed class ptrs, g1 gc, windows-amd64)
GC Precious Log:
 CardTable entry size: 512
 Card Set container configuration: InlinePtr #cards 5 size 8 Array Of Cards #cards 12 size 40 Howl #buckets 4 coarsen threshold 1843 Howl Bitmap #cards 512 size 80 coarsen threshold 460 Card regions per heap region 1 cards per card region 2048
 CPUs: 16 total, 16 available
 Memory: 16176M
 Large Page Support: Disabled
 NUMA Support: Disabled
 Compressed Oops: Enabled (32-bit)
 Heap Region Size: 1M
 Heap Min Capacity: 8M
 Heap Initial Capacity: 254M
 Heap Max Capacity: 2G
 Pre-touch: Disabled
 Parallel Workers: 13
 Concurrent Workers: 3
 Concurrent Refinement Workers: 13
 Periodic GC: Disabled
Heap:
 garbage-first heap   total 105472K, used 55459K [0x0000000080000000, 0x0000000100000000)
  region size 1024K, 32 young (32768K), 7 survivors (7168K)
 Metaspace       used 33685K, committed 34688K, reserved 1114112K
  class space    used 4866K, committed 5312K, reserved 1048576K
GC Heap History (12 events):
Event: 3.011 GC heap before
{Heap before GC invocations=0 (full 0):
 garbage-first heap   total 260096K, used 22528K [0x0000000080000000, 0x0000000100000000)
  region size 1024K, 23 young (23552K), 0 survivors (0K)
 Metaspace       used 1091K, committed 1216K, reserved 1114112K
  class space    used 78K, committed 128K, reserved 1048576K
}
Event: 3.013 GC heap after
{Heap after GC invocations=1 (full 0):
 garbage-first heap   total 260096K, used 2541K [0x0000000080000000, 0x0000000100000000)
  region size 1024K, 3 young (3072K), 3 survivors (3072K)
 Metaspace       used 1091K, committed 1216K, reserved 1114112K
  class space    used 78K, committed 128K, reserved 1048576K
}
Event: 3.494 GC heap before
{Heap before GC invocations=1 (full 0):
 garbage-first heap   total 260096K, used 41453K [0x0000000080000000, 0x0000000100000000)
  region size 1024K, 39 young (39936K), 3 survivors (3072K)
 Metaspace       used 4496K, committed 4736K, reserved 1114112K
  class space    used 552K, committed 640K, reserved 1048576K
}
Event: 3.497 GC heap after
{Heap after GC invocations=2 (full 0):
 garbage-first heap   total 260096K, used 10875K [0x0000000080000000, 0x0000000100000000)
  region size 1024K, 5 young (5120K), 5 survivors (5120K)
 Metaspace       used 4496K, committed 4736K, reserved 1114112K
  class space    used 552K, committed 640K, reserved 1048576K
}
Event: 3.925 GC heap before
{Heap before GC invocations=2 (full 0):
 garbage-first heap   total 260096K, used 63099K [0x0000000080000000, 0x0000000100000000)
  region size 1024K, 54 young (55296K), 5 survivors (5120K)
 Metaspace       used 6764K, committed 7040K, reserved 1114112K
  class space    used 885K, committed 1024K, reserved 1048576K
}
Event: 3.929 GC heap after
{Heap after GC invocations=3 (full 0):
 garbage-first heap   total 260096K, used 18086K [0x0000000080000000, 0x0000000100000000)
  region size 1024K, 6 young (6144K), 6 survivors (6144K)
 Metaspace       used 6764K, committed 7040K, reserved 1114112K
  class space    used 885K, committed 1024K, reserved 1048576K
}
Event: 5.176 GC heap before
{Heap before GC invocations=3 (full 0):
 garbage-first heap   total 260096K, used 98982K [0x0000000080000000, 0x0000000100000000)
  region size 1024K, 86 young (88064K), 6 survivors (6144K)
 Metaspace       used 20830K, committed 21504K, reserved 1114112K
  class space    used 3011K, committed 3328K, reserved 1048576K
}
Event: 5.181 GC heap after
{Heap after GC invocations=4 (full 0):
 garbage-first heap   total 260096K, used 24211K [0x0000000080000000, 0x0000000100000000)
  region size 1024K, 12 young (12288K), 12 survivors (12288K)
 Metaspace       used 20830K, committed 21504K, reserved 1114112K
  class space    used 3011K, committed 3328K, reserved 1048576K
}
Event: 6.068 GC heap before
{Heap before GC invocations=5 (full 0):
 garbage-first heap   total 89088K, used 87699K [0x0000000080000000, 0x0000000100000000)
  region size 1024K, 75 young (76800K), 12 survivors (12288K)
 Metaspace       used 30125K, committed 31040K, reserved 1114112K
  class space    used 4339K, committed 4800K, reserved 1048576K
}
Event: 6.073 GC heap after
{Heap after GC invocations=6 (full 0):
 garbage-first heap   total 105472K, used 28017K [0x0000000080000000, 0x0000000100000000)
  region size 1024K, 10 young (10240K), 10 survivors (10240K)
 Metaspace       used 30125K, committed 31040K, reserved 1114112K
  class space    used 4339K, committed 4800K, reserved 1048576K
}
Event: 7.591 GC heap before
{Heap before GC invocations=6 (full 0):
 garbage-first heap   total 105472K, used 79217K [0x0000000080000000, 0x0000000100000000)
  region size 1024K, 61 young (62464K), 10 survivors (10240K)
 Metaspace       used 32969K, committed 33920K, reserved 1114112K
  class space    used 4790K, committed 5248K, reserved 1048576K
}
Event: 7.595 GC heap after
{Heap after GC invocations=7 (full 0):
 garbage-first heap   total 105472K, used 30883K [0x0000000080000000, 0x0000000100000000)
  region size 1024K, 7 young (7168K), 7 survivors (7168K)
 Metaspace       used 32969K, committed 33920K, reserved 1114112K
  class space    used 4790K, committed 5248K, reserved 1048576K
}

